Temp/gradleOut/launcher/build/intermediates/manifest_merge_blame_file/debug/manifest-merger-blame-debug-report.txt
1<?xml version="1.0" encoding="utf-8"?>
2<!-- GENERATED BY UNITY. REMOVE THIS COMMENT TO PREVENT OVERWRITING WHEN EXPORTING AGAIN -->
3<manifest xmlns:android="http://schemas.android.com/apk/res/android"
4    package="com.DefaultCompany.NewUnityProject"
5    android:installLocation="preferExternal"
6    android:versionCode="1"
7    android:versionName="1.0" >
8
9    <uses-sdk
10        android:minSdkVersion="19"
10-->src/main/AndroidManifest.xml
11        android:targetSdkVersion="29" />
11-->src/main/AndroidManifest.xml
12
13    <supports-screens
13-->src/main/AndroidManifest.xml:4:3-163
14        android:anyDensity="true"
14-->src/main/AndroidManifest.xml:4:135-160
15        android:largeScreens="true"
15-->src/main/AndroidManifest.xml:4:78-105
16        android:normalScreens="true"
16-->src/main/AndroidManifest.xml:4:49-77
17        android:smallScreens="true"
17-->src/main/AndroidManifest.xml:4:21-48
18        android:xlargeScreens="true" />
18-->src/main/AndroidManifest.xml:4:106-134
19
20    <uses-feature android:glEsVersion="0x00020000" />
20-->[:unityLibrary] AndroidManifest.xml:13:5-54
20-->[:unityLibrary] AndroidManifest.xml:13:19-51
21
22    <uses-permission android:name="android.permission.INTERNET" />
22-->[:unityLibrary] AndroidManifest.xml:15:5-67
22-->[:unityLibrary] AndroidManifest.xml:15:22-64
23
24    <uses-feature
24-->[:unityLibrary] AndroidManifest.xml:17:5-19:36
25        android:name="android.hardware.touchscreen"
25-->[:unityLibrary] AndroidManifest.xml:18:9-52
26        android:required="false" />
26-->[:unityLibrary] AndroidManifest.xml:19:9-33
27    <uses-feature
27-->[:unityLibrary] AndroidManifest.xml:20:5-22:36
28        android:name="android.hardware.touchscreen.multitouch"
28-->[:unityLibrary] AndroidManifest.xml:21:9-63
29        android:required="false" />
29-->[:unityLibrary] AndroidManifest.xml:22:9-33
30    <uses-feature
30-->[:unityLibrary] AndroidManifest.xml:23:5-25:36
31        android:name="android.hardware.touchscreen.multitouch.distinct"
31-->[:unityLibrary] AndroidManifest.xml:24:9-72
32        android:required="false" />
32-->[:unityLibrary] AndroidManifest.xml:25:9-33
33
34    <application
34-->src/main/AndroidManifest.xml:5:3-116
35        android:debuggable="true"
36        android:extractNativeLibs="true"
36-->src/main/AndroidManifest.xml:5:16-48
37        android:icon="@mipmap/app_icon"
37-->src/main/AndroidManifest.xml:5:82-113
38        android:label="@string/app_name" >
38-->src/main/AndroidManifest.xml:5:49-81
39        <activity
39-->[:unityLibrary] AndroidManifest.xml:28:9-48:20
40            android:name="com.unity3d.player.UnityPlayerActivity"
40-->[:unityLibrary] AndroidManifest.xml:29:13-66
41            android:configChanges="mcc|mnc|locale|touchscreen|keyboard|keyboardHidden|navigation|orientation|screenLayout|uiMode|screenSize|smallestScreenSize|fontScale|layoutDirection|density"
41-->[:unityLibrary] AndroidManifest.xml:30:13-194
42            android:hardwareAccelerated="false"
42-->[:unityLibrary] AndroidManifest.xml:31:13-48
43            android:launchMode="singleTask"
43-->[:unityLibrary] AndroidManifest.xml:32:13-44
44            android:resizeableActivity="false"
44-->[:unityLibrary] AndroidManifest.xml:33:13-47
45            android:screenOrientation="fullSensor"
45-->[:unityLibrary] AndroidManifest.xml:34:13-51
46            android:theme="@style/UnityThemeSelector" >
46-->[:unityLibrary] AndroidManifest.xml:35:13-54
47            <intent-filter>
47-->[:unityLibrary] AndroidManifest.xml:36:13-40:29
48                <action android:name="android.intent.action.MAIN" />
48-->[:unityLibrary] AndroidManifest.xml:37:17-69
48-->[:unityLibrary] AndroidManifest.xml:37:25-66
49
50                <category android:name="android.intent.category.LAUNCHER" />
50-->[:unityLibrary] AndroidManifest.xml:39:17-77
50-->[:unityLibrary] AndroidManifest.xml:39:27-74
51            </intent-filter>
52
53            <meta-data
53-->[:unityLibrary] AndroidManifest.xml:42:13-44:40
54                android:name="unityplayer.UnityActivity"
54-->[:unityLibrary] AndroidManifest.xml:43:17-57
55                android:value="true" />
55-->[:unityLibrary] AndroidManifest.xml:44:17-37
56            <meta-data
56-->[:unityLibrary] AndroidManifest.xml:45:13-47:40
57                android:name="android.notch_support"
57-->[:unityLibrary] AndroidManifest.xml:46:17-53
58                android:value="true" />
58-->[:unityLibrary] AndroidManifest.xml:47:17-37
59        </activity>
60
61        <meta-data
61-->[:unityLibrary] AndroidManifest.xml:50:9-52:33
62            android:name="unity.splash-mode"
62-->[:unityLibrary] AndroidManifest.xml:51:13-45
63            android:value="0" />
63-->[:unityLibrary] AndroidManifest.xml:52:13-30
64        <meta-data
64-->[:unityLibrary] AndroidManifest.xml:53:9-55:36
65            android:name="unity.splash-enable"
65-->[:unityLibrary] AndroidManifest.xml:54:13-47
66            android:value="True" />
66-->[:unityLibrary] AndroidManifest.xml:55:13-33
67        <meta-data
67-->[:unityLibrary] AndroidManifest.xml:56:9-58:37
68            android:name="unity.allow-resizable-window"
68-->[:unityLibrary] AndroidManifest.xml:57:13-56
69            android:value="False" />
69-->[:unityLibrary] AndroidManifest.xml:58:13-34
70        <meta-data
70-->[:unityLibrary] AndroidManifest.xml:59:9-61:50
71            android:name="notch.config"
71-->[:unityLibrary] AndroidManifest.xml:60:13-40
72            android:value="portrait|landscape" />
72-->[:unityLibrary] AndroidManifest.xml:61:13-47
73        <meta-data
73-->[:unityLibrary] AndroidManifest.xml:62:9-64:68
74            android:name="unity.build-id"
74-->[:unityLibrary] AndroidManifest.xml:63:13-42
75            android:value="7df9916b-419b-4c17-bc5a-9c396cfba6b4" />
75-->[:unityLibrary] AndroidManifest.xml:64:13-65
76    </application>
77
78</manifest>